<?xml version="1.0" encoding="UTF-8"?>
<testsuite xmlns:xsi="http://www.w3.org/2001/XMLSchema-instance" xsi:noNamespaceSchemaLocation="https://maven.apache.org/surefire/maven-surefire-plugin/xsd/surefire-test-report-3.0.xsd" version="3.0" name="TestSuite" time="4.709" tests="5" errors="0" skipped="0" failures="0">
  <properties>
    <property name="java.specification.version" value="15"/>
    <property name="sun.cpu.isalist" value="amd64"/>
    <property name="sun.jnu.encoding" value="Cp1252"/>
    <property name="java.class.path" value="C:\Users\Dooby\eclipse-workspace\RestASSUREDAPI\APITestingFramework\target\test-classes;C:\Users\Dooby\eclipse-workspace\RestASSUREDAPI\APITestingFramework\target\classes;C:\Users\Dooby\.m2\repository\org\testng\testng\7.3.0\testng-7.3.0.jar;C:\Users\Dooby\.m2\repository\com\beust\jcommander\1.78\jcommander-1.78.jar;C:\Users\Dooby\.m2\repository\org\apache\ant\ant\1.10.3\ant-1.10.3.jar;C:\Users\Dooby\.m2\repository\org\apache\ant\ant-launcher\1.10.3\ant-launcher-1.10.3.jar;C:\Users\Dooby\.m2\repository\junit\junit\4.12\junit-4.12.jar;C:\Users\Dooby\.m2\repository\org\hamcrest\hamcrest-core\1.3\hamcrest-core-1.3.jar;C:\Users\Dooby\.m2\repository\com\google\inject\guice\4.2.2\guice-4.2.2-no_aop.jar;C:\Users\Dooby\.m2\repository\org\yaml\snakeyaml\1.21\snakeyaml-1.21.jar;C:\Users\Dooby\.m2\repository\io\rest-assured\rest-assured\4.3.3\rest-assured-4.3.3.jar;C:\Users\Dooby\.m2\repository\org\codehaus\groovy\groovy\3.0.7\groovy-3.0.7.jar;C:\Users\Dooby\.m2\repository\org\codehaus\groovy\groovy-xml\3.0.7\groovy-xml-3.0.7.jar;C:\Users\Dooby\.m2\repository\org\apache\httpcomponents\httpclient\4.5.3\httpclient-4.5.3.jar;C:\Users\Dooby\.m2\repository\org\apache\httpcomponents\httpcore\4.4.6\httpcore-4.4.6.jar;C:\Users\Dooby\.m2\repository\commons-codec\commons-codec\1.9\commons-codec-1.9.jar;C:\Users\Dooby\.m2\repository\org\apache\httpcomponents\httpmime\4.5.3\httpmime-4.5.3.jar;C:\Users\Dooby\.m2\repository\org\hamcrest\hamcrest\2.1\hamcrest-2.1.jar;C:\Users\Dooby\.m2\repository\org\ccil\cowan\tagsoup\tagsoup\1.2.1\tagsoup-1.2.1.jar;C:\Users\Dooby\.m2\repository\io\rest-assured\json-path\4.3.3\json-path-4.3.3.jar;C:\Users\Dooby\.m2\repository\org\codehaus\groovy\groovy-json\3.0.7\groovy-json-3.0.7.jar;C:\Users\Dooby\.m2\repository\io\rest-assured\rest-assured-common\4.3.3\rest-assured-common-4.3.3.jar;C:\Users\Dooby\.m2\repository\io\rest-assured\xml-path\4.3.3\xml-path-4.3.3.jar;C:\Users\Dooby\.m2\repository\jakarta\xml\bind\jakarta.xml.bind-api\2.3.3\jakarta.xml.bind-api-2.3.3.jar;C:\Users\Dooby\.m2\repository\jakarta\activation\jakarta.activation-api\1.2.2\jakarta.activation-api-1.2.2.jar;C:\Users\Dooby\.m2\repository\com\sun\xml\bind\jaxb-impl\2.3.3\jaxb-impl-2.3.3.jar;C:\Users\Dooby\.m2\repository\com\fasterxml\jackson\core\jackson-databind\2.12.3\jackson-databind-2.12.3.jar;C:\Users\Dooby\.m2\repository\com\fasterxml\jackson\core\jackson-annotations\2.12.3\jackson-annotations-2.12.3.jar;C:\Users\Dooby\.m2\repository\com\fasterxml\jackson\core\jackson-core\2.12.3\jackson-core-2.12.3.jar;C:\Users\Dooby\.m2\repository\org\json\json\20201115\json-20201115.jar;C:\Users\Dooby\.m2\repository\org\seleniumhq\selenium\selenium-java\3.141.59\selenium-java-3.141.59.jar;C:\Users\Dooby\.m2\repository\org\seleniumhq\selenium\selenium-api\3.141.59\selenium-api-3.141.59.jar;C:\Users\Dooby\.m2\repository\org\seleniumhq\selenium\selenium-chrome-driver\3.141.59\selenium-chrome-driver-3.141.59.jar;C:\Users\Dooby\.m2\repository\org\seleniumhq\selenium\selenium-edge-driver\3.141.59\selenium-edge-driver-3.141.59.jar;C:\Users\Dooby\.m2\repository\org\seleniumhq\selenium\selenium-firefox-driver\3.141.59\selenium-firefox-driver-3.141.59.jar;C:\Users\Dooby\.m2\repository\org\seleniumhq\selenium\selenium-ie-driver\3.141.59\selenium-ie-driver-3.141.59.jar;C:\Users\Dooby\.m2\repository\org\seleniumhq\selenium\selenium-opera-driver\3.141.59\selenium-opera-driver-3.141.59.jar;C:\Users\Dooby\.m2\repository\org\seleniumhq\selenium\selenium-remote-driver\3.141.59\selenium-remote-driver-3.141.59.jar;C:\Users\Dooby\.m2\repository\org\seleniumhq\selenium\selenium-safari-driver\3.141.59\selenium-safari-driver-3.141.59.jar;C:\Users\Dooby\.m2\repository\org\seleniumhq\selenium\selenium-support\3.141.59\selenium-support-3.141.59.jar;C:\Users\Dooby\.m2\repository\net\bytebuddy\byte-buddy\1.8.15\byte-buddy-1.8.15.jar;C:\Users\Dooby\.m2\repository\org\apache\commons\commons-exec\1.3\commons-exec-1.3.jar;C:\Users\Dooby\.m2\repository\com\google\guava\guava\25.0-jre\guava-25.0-jre.jar;C:\Users\Dooby\.m2\repository\com\google\code\findbugs\jsr305\1.3.9\jsr305-1.3.9.jar;C:\Users\Dooby\.m2\repository\org\checkerframework\checker-compat-qual\2.0.0\checker-compat-qual-2.0.0.jar;C:\Users\Dooby\.m2\repository\com\google\errorprone\error_prone_annotations\2.1.3\error_prone_annotations-2.1.3.jar;C:\Users\Dooby\.m2\repository\com\google\j2objc\j2objc-annotations\1.1\j2objc-annotations-1.1.jar;C:\Users\Dooby\.m2\repository\org\codehaus\mojo\animal-sniffer-annotations\1.14\animal-sniffer-annotations-1.14.jar;C:\Users\Dooby\.m2\repository\com\squareup\okhttp3\okhttp\3.11.0\okhttp-3.11.0.jar;C:\Users\Dooby\.m2\repository\com\squareup\okio\okio\1.14.0\okio-1.14.0.jar;C:\Users\Dooby\.m2\repository\io\github\bonigarcia\webdrivermanager\3.2.0\webdrivermanager-3.2.0.jar;C:\Users\Dooby\.m2\repository\org\slf4j\slf4j-api\1.7.25\slf4j-api-1.7.25.jar;C:\Users\Dooby\.m2\repository\commons-io\commons-io\2.6\commons-io-2.6.jar;C:\Users\Dooby\.m2\repository\com\google\code\gson\gson\2.8.5\gson-2.8.5.jar;C:\Users\Dooby\.m2\repository\org\apache\commons\commons-lang3\3.8.1\commons-lang3-3.8.1.jar;C:\Users\Dooby\.m2\repository\org\rauschig\jarchivelib\1.0.0\jarchivelib-1.0.0.jar;C:\Users\Dooby\.m2\repository\org\apache\commons\commons-compress\1.18\commons-compress-1.18.jar;C:\Users\Dooby\.m2\repository\org\jsoup\jsoup\1.11.3\jsoup-1.11.3.jar;C:\Users\Dooby\.m2\repository\com\relevantcodes\extentreports\2.41.2\extentreports-2.41.2.jar;C:\Users\Dooby\.m2\repository\org\xerial\sqlite-jdbc\3.8.11.1\sqlite-jdbc-3.8.11.1.jar;C:\Users\Dooby\.m2\repository\org\freemarker\freemarker\2.3.23\freemarker-2.3.23.jar;C:\Users\Dooby\.m2\repository\org\mongodb\mongodb-driver\3.0.4\mongodb-driver-3.0.4.jar;C:\Users\Dooby\.m2\repository\org\mongodb\mongodb-driver-core\3.0.4\mongodb-driver-core-3.0.4.jar;C:\Users\Dooby\.m2\repository\org\uncommons\reportng\1.1.4\reportng-1.1.4.jar;C:\Users\Dooby\.m2\repository\velocity\velocity\1.4\velocity-1.4.jar;C:\Users\Dooby\.m2\repository\velocity\velocity-dep\1.4\velocity-dep-1.4.jar;C:\Users\Dooby\.m2\repository\com\google\inject\guice\4.1.0\guice-4.1.0.jar;C:\Users\Dooby\.m2\repository\javax\inject\javax.inject\1\javax.inject-1.jar;C:\Users\Dooby\.m2\repository\aopalliance\aopalliance\1.0\aopalliance-1.0.jar;C:\Users\Dooby\.m2\repository\javax\mail\mail\1.4.7\mail-1.4.7.jar;C:\Users\Dooby\.m2\repository\javax\activation\activation\1.1\activation-1.1.jar;C:\Users\Dooby\.m2\repository\mysql\mysql-connector-java\6.0.5\mysql-connector-java-6.0.5.jar;C:\Users\Dooby\.m2\repository\org\apache\poi\poi\3.6\poi-3.6.jar;C:\Users\Dooby\.m2\repository\commons-logging\commons-logging\1.1\commons-logging-1.1.jar;C:\Users\Dooby\.m2\repository\logkit\logkit\1.0.1\logkit-1.0.1.jar;C:\Users\Dooby\.m2\repository\avalon-framework\avalon-framework\4.1.3\avalon-framework-4.1.3.jar;C:\Users\Dooby\.m2\repository\javax\servlet\servlet-api\2.3\servlet-api-2.3.jar;C:\Users\Dooby\.m2\repository\org\apache\poi\poi-ooxml\3.6\poi-ooxml-3.6.jar;C:\Users\Dooby\.m2\repository\dom4j\dom4j\1.1\dom4j-1.1.jar;C:\Users\Dooby\.m2\repository\org\apache\xmlbeans\xmlbeans\2.3.0\xmlbeans-2.3.0.jar;C:\Users\Dooby\.m2\repository\stax\stax-api\1.0.1\stax-api-1.0.1.jar;C:\Users\Dooby\.m2\repository\org\apache\poi\poi-ooxml-schemas\3.6\poi-ooxml-schemas-3.6.jar;C:\Users\Dooby\.m2\repository\org\apache\geronimo\specs\geronimo-stax-api_1.0_spec\1.0\geronimo-stax-api_1.0_spec-1.0.jar;C:\Users\Dooby\.m2\repository\com\aventstack\extentreports\4.0.9\extentreports-4.0.9.jar;C:\Users\Dooby\.m2\repository\org\mongodb\bson\3.3.0\bson-3.3.0.jar;C:\Users\Dooby\.m2\repository\log4j\log4j\1.2.17\log4j-1.2.17.jar;"/>
    <property name="java.vm.vendor" value="Oracle Corporation"/>
    <property name="sun.arch.data.model" value="64"/>
    <property name="user.variant" value=""/>
    <property name="java.vendor.url" value="https://java.oracle.com/"/>
    <property name="user.timezone" value="Asia/Calcutta"/>
    <property name="os.name" value="Windows 10"/>
    <property name="java.vm.specification.version" value="15"/>
    <property name="sun.java.launcher" value="SUN_STANDARD"/>
    <property name="user.country" value="IN"/>
    <property name="sun.boot.library.path" value="C:\Program Files\Java\jdk-15.0.1\bin"/>
    <property name="sun.java.command" value="C:\Users\Dooby\AppData\Local\Temp\surefire9365575111170294994\surefirebooter2278741421045800036.jar C:\Users\Dooby\AppData\Local\Temp\surefire9365575111170294994 2021-05-05T18-47-31_784-jvmRun1 surefire4462998562759123174tmp surefire_016746757759024620505tmp"/>
    <property name="jdk.debug" value="release"/>
    <property name="surefire.test.class.path" value="C:\Users\Dooby\eclipse-workspace\RestASSUREDAPI\APITestingFramework\target\test-classes;C:\Users\Dooby\eclipse-workspace\RestASSUREDAPI\APITestingFramework\target\classes;C:\Users\Dooby\.m2\repository\org\testng\testng\7.3.0\testng-7.3.0.jar;C:\Users\Dooby\.m2\repository\com\beust\jcommander\1.78\jcommander-1.78.jar;C:\Users\Dooby\.m2\repository\org\apache\ant\ant\1.10.3\ant-1.10.3.jar;C:\Users\Dooby\.m2\repository\org\apache\ant\ant-launcher\1.10.3\ant-launcher-1.10.3.jar;C:\Users\Dooby\.m2\repository\junit\junit\4.12\junit-4.12.jar;C:\Users\Dooby\.m2\repository\org\hamcrest\hamcrest-core\1.3\hamcrest-core-1.3.jar;C:\Users\Dooby\.m2\repository\com\google\inject\guice\4.2.2\guice-4.2.2-no_aop.jar;C:\Users\Dooby\.m2\repository\org\yaml\snakeyaml\1.21\snakeyaml-1.21.jar;C:\Users\Dooby\.m2\repository\io\rest-assured\rest-assured\4.3.3\rest-assured-4.3.3.jar;C:\Users\Dooby\.m2\repository\org\codehaus\groovy\groovy\3.0.7\groovy-3.0.7.jar;C:\Users\Dooby\.m2\repository\org\codehaus\groovy\groovy-xml\3.0.7\groovy-xml-3.0.7.jar;C:\Users\Dooby\.m2\repository\org\apache\httpcomponents\httpclient\4.5.3\httpclient-4.5.3.jar;C:\Users\Dooby\.m2\repository\org\apache\httpcomponents\httpcore\4.4.6\httpcore-4.4.6.jar;C:\Users\Dooby\.m2\repository\commons-codec\commons-codec\1.9\commons-codec-1.9.jar;C:\Users\Dooby\.m2\repository\org\apache\httpcomponents\httpmime\4.5.3\httpmime-4.5.3.jar;C:\Users\Dooby\.m2\repository\org\hamcrest\hamcrest\2.1\hamcrest-2.1.jar;C:\Users\Dooby\.m2\repository\org\ccil\cowan\tagsoup\tagsoup\1.2.1\tagsoup-1.2.1.jar;C:\Users\Dooby\.m2\repository\io\rest-assured\json-path\4.3.3\json-path-4.3.3.jar;C:\Users\Dooby\.m2\repository\org\codehaus\groovy\groovy-json\3.0.7\groovy-json-3.0.7.jar;C:\Users\Dooby\.m2\repository\io\rest-assured\rest-assured-common\4.3.3\rest-assured-common-4.3.3.jar;C:\Users\Dooby\.m2\repository\io\rest-assured\xml-path\4.3.3\xml-path-4.3.3.jar;C:\Users\Dooby\.m2\repository\jakarta\xml\bind\jakarta.xml.bind-api\2.3.3\jakarta.xml.bind-api-2.3.3.jar;C:\Users\Dooby\.m2\repository\jakarta\activation\jakarta.activation-api\1.2.2\jakarta.activation-api-1.2.2.jar;C:\Users\Dooby\.m2\repository\com\sun\xml\bind\jaxb-impl\2.3.3\jaxb-impl-2.3.3.jar;C:\Users\Dooby\.m2\repository\com\fasterxml\jackson\core\jackson-databind\2.12.3\jackson-databind-2.12.3.jar;C:\Users\Dooby\.m2\repository\com\fasterxml\jackson\core\jackson-annotations\2.12.3\jackson-annotations-2.12.3.jar;C:\Users\Dooby\.m2\repository\com\fasterxml\jackson\core\jackson-core\2.12.3\jackson-core-2.12.3.jar;C:\Users\Dooby\.m2\repository\org\json\json\20201115\json-20201115.jar;C:\Users\Dooby\.m2\repository\org\seleniumhq\selenium\selenium-java\3.141.59\selenium-java-3.141.59.jar;C:\Users\Dooby\.m2\repository\org\seleniumhq\selenium\selenium-api\3.141.59\selenium-api-3.141.59.jar;C:\Users\Dooby\.m2\repository\org\seleniumhq\selenium\selenium-chrome-driver\3.141.59\selenium-chrome-driver-3.141.59.jar;C:\Users\Dooby\.m2\repository\org\seleniumhq\selenium\selenium-edge-driver\3.141.59\selenium-edge-driver-3.141.59.jar;C:\Users\Dooby\.m2\repository\org\seleniumhq\selenium\selenium-firefox-driver\3.141.59\selenium-firefox-driver-3.141.59.jar;C:\Users\Dooby\.m2\repository\org\seleniumhq\selenium\selenium-ie-driver\3.141.59\selenium-ie-driver-3.141.59.jar;C:\Users\Dooby\.m2\repository\org\seleniumhq\selenium\selenium-opera-driver\3.141.59\selenium-opera-driver-3.141.59.jar;C:\Users\Dooby\.m2\repository\org\seleniumhq\selenium\selenium-remote-driver\3.141.59\selenium-remote-driver-3.141.59.jar;C:\Users\Dooby\.m2\repository\org\seleniumhq\selenium\selenium-safari-driver\3.141.59\selenium-safari-driver-3.141.59.jar;C:\Users\Dooby\.m2\repository\org\seleniumhq\selenium\selenium-support\3.141.59\selenium-support-3.141.59.jar;C:\Users\Dooby\.m2\repository\net\bytebuddy\byte-buddy\1.8.15\byte-buddy-1.8.15.jar;C:\Users\Dooby\.m2\repository\org\apache\commons\commons-exec\1.3\commons-exec-1.3.jar;C:\Users\Dooby\.m2\repository\com\google\guava\guava\25.0-jre\guava-25.0-jre.jar;C:\Users\Dooby\.m2\repository\com\google\code\findbugs\jsr305\1.3.9\jsr305-1.3.9.jar;C:\Users\Dooby\.m2\repository\org\checkerframework\checker-compat-qual\2.0.0\checker-compat-qual-2.0.0.jar;C:\Users\Dooby\.m2\repository\com\google\errorprone\error_prone_annotations\2.1.3\error_prone_annotations-2.1.3.jar;C:\Users\Dooby\.m2\repository\com\google\j2objc\j2objc-annotations\1.1\j2objc-annotations-1.1.jar;C:\Users\Dooby\.m2\repository\org\codehaus\mojo\animal-sniffer-annotations\1.14\animal-sniffer-annotations-1.14.jar;C:\Users\Dooby\.m2\repository\com\squareup\okhttp3\okhttp\3.11.0\okhttp-3.11.0.jar;C:\Users\Dooby\.m2\repository\com\squareup\okio\okio\1.14.0\okio-1.14.0.jar;C:\Users\Dooby\.m2\repository\io\github\bonigarcia\webdrivermanager\3.2.0\webdrivermanager-3.2.0.jar;C:\Users\Dooby\.m2\repository\org\slf4j\slf4j-api\1.7.25\slf4j-api-1.7.25.jar;C:\Users\Dooby\.m2\repository\commons-io\commons-io\2.6\commons-io-2.6.jar;C:\Users\Dooby\.m2\repository\com\google\code\gson\gson\2.8.5\gson-2.8.5.jar;C:\Users\Dooby\.m2\repository\org\apache\commons\commons-lang3\3.8.1\commons-lang3-3.8.1.jar;C:\Users\Dooby\.m2\repository\org\rauschig\jarchivelib\1.0.0\jarchivelib-1.0.0.jar;C:\Users\Dooby\.m2\repository\org\apache\commons\commons-compress\1.18\commons-compress-1.18.jar;C:\Users\Dooby\.m2\repository\org\jsoup\jsoup\1.11.3\jsoup-1.11.3.jar;C:\Users\Dooby\.m2\repository\com\relevantcodes\extentreports\2.41.2\extentreports-2.41.2.jar;C:\Users\Dooby\.m2\repository\org\xerial\sqlite-jdbc\3.8.11.1\sqlite-jdbc-3.8.11.1.jar;C:\Users\Dooby\.m2\repository\org\freemarker\freemarker\2.3.23\freemarker-2.3.23.jar;C:\Users\Dooby\.m2\repository\org\mongodb\mongodb-driver\3.0.4\mongodb-driver-3.0.4.jar;C:\Users\Dooby\.m2\repository\org\mongodb\mongodb-driver-core\3.0.4\mongodb-driver-core-3.0.4.jar;C:\Users\Dooby\.m2\repository\org\uncommons\reportng\1.1.4\reportng-1.1.4.jar;C:\Users\Dooby\.m2\repository\velocity\velocity\1.4\velocity-1.4.jar;C:\Users\Dooby\.m2\repository\velocity\velocity-dep\1.4\velocity-dep-1.4.jar;C:\Users\Dooby\.m2\repository\com\google\inject\guice\4.1.0\guice-4.1.0.jar;C:\Users\Dooby\.m2\repository\javax\inject\javax.inject\1\javax.inject-1.jar;C:\Users\Dooby\.m2\repository\aopalliance\aopalliance\1.0\aopalliance-1.0.jar;C:\Users\Dooby\.m2\repository\javax\mail\mail\1.4.7\mail-1.4.7.jar;C:\Users\Dooby\.m2\repository\javax\activation\activation\1.1\activation-1.1.jar;C:\Users\Dooby\.m2\repository\mysql\mysql-connector-java\6.0.5\mysql-connector-java-6.0.5.jar;C:\Users\Dooby\.m2\repository\org\apache\poi\poi\3.6\poi-3.6.jar;C:\Users\Dooby\.m2\repository\commons-logging\commons-logging\1.1\commons-logging-1.1.jar;C:\Users\Dooby\.m2\repository\logkit\logkit\1.0.1\logkit-1.0.1.jar;C:\Users\Dooby\.m2\repository\avalon-framework\avalon-framework\4.1.3\avalon-framework-4.1.3.jar;C:\Users\Dooby\.m2\repository\javax\servlet\servlet-api\2.3\servlet-api-2.3.jar;C:\Users\Dooby\.m2\repository\org\apache\poi\poi-ooxml\3.6\poi-ooxml-3.6.jar;C:\Users\Dooby\.m2\repository\dom4j\dom4j\1.1\dom4j-1.1.jar;C:\Users\Dooby\.m2\repository\org\apache\xmlbeans\xmlbeans\2.3.0\xmlbeans-2.3.0.jar;C:\Users\Dooby\.m2\repository\stax\stax-api\1.0.1\stax-api-1.0.1.jar;C:\Users\Dooby\.m2\repository\org\apache\poi\poi-ooxml-schemas\3.6\poi-ooxml-schemas-3.6.jar;C:\Users\Dooby\.m2\repository\org\apache\geronimo\specs\geronimo-stax-api_1.0_spec\1.0\geronimo-stax-api_1.0_spec-1.0.jar;C:\Users\Dooby\.m2\repository\com\aventstack\extentreports\4.0.9\extentreports-4.0.9.jar;C:\Users\Dooby\.m2\repository\org\mongodb\bson\3.3.0\bson-3.3.0.jar;C:\Users\Dooby\.m2\repository\log4j\log4j\1.2.17\log4j-1.2.17.jar;"/>
    <property name="sun.cpu.endian" value="little"/>
    <property name="user.home" value="C:\Users\Dooby"/>
    <property name="user.language" value="en"/>
    <property name="java.specification.vendor" value="Oracle Corporation"/>
    <property name="java.version.date" value="2020-10-20"/>
    <property name="java.home" value="C:\Program Files\Java\jdk-15.0.1"/>
    <property name="file.separator" value="\"/>
    <property name="basedir" value="C:\Users\Dooby\eclipse-workspace\RestASSUREDAPI\APITestingFramework"/>
    <property name="java.vm.compressedOopsMode" value="32-bit"/>
    <property name="line.separator" value="&#10;"/>
    <property name="java.vm.specification.vendor" value="Oracle Corporation"/>
    <property name="java.specification.name" value="Java Platform API Specification"/>
    <property name="surefire.real.class.path" value="C:\Users\Dooby\AppData\Local\Temp\surefire9365575111170294994\surefirebooter2278741421045800036.jar"/>
    <property name="user.script" value=""/>
    <property name="sun.management.compiler" value="HotSpot 64-Bit Tiered Compilers"/>
    <property name="java.runtime.version" value="15.0.1+9-18"/>
    <property name="user.name" value="Dooby"/>
    <property name="path.separator" value=";"/>
    <property name="os.version" value="10.0"/>
    <property name="java.runtime.name" value="Java(TM) SE Runtime Environment"/>
    <property name="file.encoding" value="Cp1252"/>
    <property name="java.vm.name" value="Java HotSpot(TM) 64-Bit Server VM"/>
    <property name="localRepository" value="C:\Users\Dooby\.m2\repository"/>
    <property name="java.vendor.url.bug" value="https://bugreport.java.com/bugreport/"/>
    <property name="java.io.tmpdir" value="C:\Users\Dooby\AppData\Local\Temp\"/>
    <property name="java.version" value="15.0.1"/>
    <property name="user.dir" value="C:\Users\Dooby\eclipse-workspace\RestASSUREDAPI\APITestingFramework"/>
    <property name="os.arch" value="amd64"/>
    <property name="java.vm.specification.name" value="Java Virtual Machine Specification"/>
    <property name="sun.os.patch.level" value=""/>
    <property name="java.library.path" value="C:\Program Files\Java\jdk-15.0.1\bin;C:\WINDOWS\Sun\Java\bin;C:\WINDOWS\system32;C:\WINDOWS;C:\apache-maven-3.6.3\/bin;C:\Program Files\Java\jdk-15.0.1/bin;C:\Program Files\Java\jdk-15.0.1/bin;C:\Program Files\Java\jdk-15.0.1\bin;C:\Program Files\NVIDIA Corporation\NVIDIA NvDLISR;C:\apache-maven-3.6.3\bin;C:\Program Files\Git\cmd;C:\Users\Dooby\AppData\Local\Android\Sdk\tools;C:\Users\Dooby\AppData\Local\Android\Sdk\platform-tools;;C:\WINDOWS\system32;C:\WINDOWS;C:\WINDOWS\System32\Wbem;C:\WINDOWS\System32\WindowsPowerShell\v1.0\;C:\WINDOWS\System32\OpenSSH\;C:\Users\Dooby\AppData\Local\Microsoft\WindowsApps;."/>
    <property name="java.vm.info" value="mixed mode, sharing"/>
    <property name="java.vendor" value="Oracle Corporation"/>
    <property name="java.vm.version" value="15.0.1+9-18"/>
    <property name="sun.io.unicode.encoding" value="UnicodeLittle"/>
    <property name="java.class.version" value="59.0"/>
  </properties>
  <testcase name="ValidateCreateCustomerAPIwithInValidSecretKey[{email=at1@zmail.com, name=Atul, description=adding fourth customer to API}](1)" classname="com.dooby.testcases.CreateCustomerTest" time="1.4">
    <system-out><![CDATA[Test name is :- ValidateCreateCustomerAPIwithInValidSecretKey
7
1
total cols are:  3
Atul
at1@zmail.com
adding fourth customer to API
[[Ljava.lang.Object;@7cc9ce8
{
    "error": {
        "message": "Invalid API Key provided: sk_test_**************Xsrl",
        "type": "invalid_request_error"
    }
}
401
]]></system-out>
    <system-err><![CDATA[log4j:WARN No appenders could be found for logger (org.apache.http.impl.conn.BasicClientConnectionManager).
log4j:WARN Please initialize the log4j system properly.
log4j:WARN See http://logging.apache.org/log4j/1.2/faq.html#noconfig for more info.
]]></system-err>
  </testcase>
  <testcase name="ValidateCreateCustomerAPIwithValidSecretKey[{email=rao11@zmail.com, name=Raunak111, description=adding first customer to API}](1)" classname="com.dooby.testcases.CreateCustomerTest" time="0.555">
    <system-out><![CDATA[Test name is :- ValidateCreateCustomerAPIwithValidSecretKey
1
3
total cols are:  3
Raunak111
rao11@zmail.com
adding first customer to API
ashutosh111
ahpr11@zmail.com
adding second customer to API
imraan111
imr11@zmail.com
adding third customer to API
[[Ljava.lang.Object;@74518890
/customers
{
    "id": "cus_JQbpy3XC40g3B5",
    "object": "customer",
    "address": null,
    "balance": 0,
    "created": 1620220655,
    "currency": null,
    "default_source": null,
    "delinquent": false,
    "description": "adding first customer to API",
    "discount": null,
    "email": "rao11@zmail.com",
    "invoice_prefix": "1F6F0F36",
    "invoice_settings": {
        "custom_fields": null,
        "default_payment_method": null,
        "footer": null
    },
    "livemode": false,
    "metadata": {
        
    },
    "name": "Raunak111",
    "next_invoice_sequence": 1,
    "phone": null,
    "preferred_locales": [
        
    ],
    "shipping": null,
    "tax_exempt": "none"
}
200
]]></system-out>
  </testcase>
  <testcase name="ValidateCreateCustomerAPIwithValidSecretKey[{email=ahpr11@zmail.com, name=ashutosh111, description=adding second customer to API}](2)" classname="com.dooby.testcases.CreateCustomerTest" time="0.575">
    <system-out><![CDATA[/customers
{
    "id": "cus_JQbpk64Qj0JmI0",
    "object": "customer",
    "address": null,
    "balance": 0,
    "created": 1620220655,
    "currency": null,
    "default_source": null,
    "delinquent": false,
    "description": "adding second customer to API",
    "discount": null,
    "email": "ahpr11@zmail.com",
    "invoice_prefix": "9181A5F0",
    "invoice_settings": {
        "custom_fields": null,
        "default_payment_method": null,
        "footer": null
    },
    "livemode": false,
    "metadata": {
        
    },
    "name": "ashutosh111",
    "next_invoice_sequence": 1,
    "phone": null,
    "preferred_locales": [
        
    ],
    "shipping": null,
    "tax_exempt": "none"
}
200
]]></system-out>
  </testcase>
  <testcase name="ValidateCreateCustomerAPIwithValidSecretKey[{email=imr11@zmail.com, name=imraan111, description=adding third customer to API}](3)" classname="com.dooby.testcases.CreateCustomerTest" time="0.58">
    <system-out><![CDATA[/customers
{
    "id": "cus_JQbphKyXKKgGxX",
    "object": "customer",
    "address": null,
    "balance": 0,
    "created": 1620220655,
    "currency": null,
    "default_source": null,
    "delinquent": false,
    "description": "adding third customer to API",
    "discount": null,
    "email": "imr11@zmail.com",
    "invoice_prefix": "B2A7ACAA",
    "invoice_settings": {
        "custom_fields": null,
        "default_payment_method": null,
        "footer": null
    },
    "livemode": false,
    "metadata": {
        
    },
    "name": "imraan111",
    "next_invoice_sequence": 1,
    "phone": null,
    "preferred_locales": [
        
    ],
    "shipping": null,
    "tax_exempt": "none"
}
200
]]></system-out>
  </testcase>
  <testcase name="deleteCustomer[{id=cus_JQbkukxgeA0kJ3}](1)" classname="com.dooby.testcases.DeleteCustomerTest" time="0.922">
    <system-out><![CDATA[Test name is :- deleteCustomer
11
1
total cols are:  1
cus_JQbkukxgeA0kJ3
[[Ljava.lang.Object;@51ec2df1
{id=cus_JQbkukxgeA0kJ3}
{
    "id": "cus_JQbkukxgeA0kJ3",
    "object": "customer",
    "deleted": true
}
Presence check for Object keytrue
Presence check for Deleted keytrue
Object key value is :customer
Deleted key value is :true
200
]]></system-out>
  </testcase>
</testsuite>