<?xml version="1.0" encoding="UTF-8"?>
<!-- Generated by org.testng.reporters.JUnitReportReporter -->
<testsuite hostname="Dooby" failures="0" tests="2" name="utilities.TestParameterization" time="0.006" errors="0" timestamp="2021-05-04T15:11:03 IST" skipped="0">
  <testcase classname="utilities.TestParameterization" name="testData" time="0.005"/>
  <system-out/>
  <testcase classname="utilities.TestParameterization" name="testData" time="0.001"/>
  <system-out/>
</testsuite> <!-- utilities.TestParameterization -->
