<?xml version="1.0" encoding="UTF-8"?>
<!-- Generated by org.testng.reporters.JUnitReportReporter -->
<testsuite hostname="Dooby" failures="0" tests="1" name="com.dooby.testcases.DeleteCustomerTest" time="0.923" errors="0" timestamp="2021-05-05T18:47:37 IST" skipped="0">
  <testcase classname="com.dooby.testcases.DeleteCustomerTest" name="deleteCustomer" time="0.923"/>
  <system-out/>
</testsuite> <!-- com.dooby.testcases.DeleteCustomerTest -->
