<?xml version="1.0" encoding="UTF-8"?>
<!-- Generated by org.testng.reporters.JUnitReportReporter -->
<testsuite hostname="Dooby" failures="0" tests="4" name="com.dooby.testcases.CreateCustomerTest" time="3.111" errors="0" timestamp="2021-05-05T18:47:37 IST" skipped="0">
  <testcase classname="com.dooby.testcases.CreateCustomerTest" name="ValidateCreateCustomerAPIwithValidSecretKey" time="0.576"/>
  <system-out/>
  <testcase classname="com.dooby.testcases.CreateCustomerTest" name="ValidateCreateCustomerAPIwithValidSecretKey" time="0.556"/>
  <system-out/>
  <testcase classname="com.dooby.testcases.CreateCustomerTest" name="ValidateCreateCustomerAPIwithInValidSecretKey" time="1.398"/>
  <system-out/>
  <testcase classname="com.dooby.testcases.CreateCustomerTest" name="ValidateCreateCustomerAPIwithValidSecretKey" time="0.581"/>
  <system-out/>
</testsuite> <!-- com.dooby.testcases.CreateCustomerTest -->
